parameters:
('files', ['/Users/paolofer/data/totten/ers_01_1991_1996_totten.h5'])
('dxy', [1.0])
('vnames', ['lon', 'lat', 'h_res', 't_year'])
('nreloc', [2])
('wnames', ['bs', 'lew', 'tes'])
('radius', [4.0])
('proj', ['3031'])
('apply', True)
('njobs', [1])
('proc', ['det'])
running sequential code ...
processing file: /Users/paolofer/data/totten/ers_01_1991_1996_totten.h5 ...
Calculating correction for node 0 of 41200 ...
Calculating correction for node 1000 of 41200 ...
Calculating correction for node 2000 of 41200 ...
Calculating correction for node 3000 of 41200 ...
Calculating correction for node 4000 of 41200 ...
Calculating correction for node 5000 of 41200 ...
Calculating correction for node 6000 of 41200 ...
Calculating correction for node 7000 of 41200 ...
Calculating correction for node 8000 of 41200 ...
Calculating correction for node 9000 of 41200 ...
Calculating correction for node 10000 of 41200 ...
Calculating correction for node 11000 of 41200 ...
Calculating correction for node 12000 of 41200 ...
Calculating correction for node 13000 of 41200 ...
Calculating correction for node 14000 of 41200 ...
Calculating correction for node 15000 of 41200 ...
Calculating correction for node 16000 of 41200 ...
Calculating correction for node 17000 of 41200 ...
Calculating correction for node 18000 of 41200 ...
Calculating correction for node 19000 of 41200 ...
Calculating correction for node 20000 of 41200 ...
Calculating correction for node 21000 of 41200 ...
Calculating correction for node 22000 of 41200 ...
Calculating correction for node 23000 of 41200 ...
Calculating correction for node 24000 of 41200 ...
Calculating correction for node 25000 of 41200 ...
Calculating correction for node 26000 of 41200 ...
Calculating correction for node 27000 of 41200 ...
Calculating correction for node 28000 of 41200 ...
Calculating correction for node 29000 of 41200 ...
Calculating correction for node 30000 of 41200 ...
Calculating correction for node 31000 of 41200 ...
Calculating correction for node 32000 of 41200 ...
Calculating correction for node 33000 of 41200 ...
Calculating correction for node 34000 of 41200 ...
Calculating correction for node 35000 of 41200 ...
Calculating correction for node 36000 of 41200 ...
Calculating correction for node 37000 of 41200 ...
Calculating correction for node 38000 of 41200 ...
Calculating correction for node 39000 of 41200 ...
Calculating correction for node 40000 of 41200 ...
Calculating correction for node 41000 of 41200 ...
saving data ...
done!
