Calculating correction for node 2921 of 2073700 ...
query #: 1 ( first search )
query #: 2 ( reloc #: 1 )
relocation dist: 2399.51783546
r2: 0.485073837178
11111111 0.0 0.0280132787051
22222222 0.485073837178 0.485073837178
Calculating correction for node 2922 of 2073700 ...
query #: 1 ( first search )
query #: 2 ( reloc #: 1 )
relocation dist: 2544.07021199
r2: 0.0109352827417
11111111 0.0 0.485073837178
22222222 0.0109352827417 0.485073837178
Calculating correction for node 2923 of 2073700 ...
query #: 1 ( first search )
query #: 2 ( reloc #: 1 )
relocation dist: 2133.11438236
query #: 3 ( reloc #: 2 )
relocation dist: 2993.03847634
r2: 0.0123761101289
11111111 0.0 0.485073837178
22222222 0.0123761101289 0.485073837178
Calculating correction for node 2924 of 2073700 ...
query #: 1 ( first search )
query #: 2 ( reloc #: 1 )
relocation dist: 1879.54187809
query #: 3 ( reloc #: 2 )
relocation dist: 2741.11588706
r2: 0.0127294900947
11111111 0.0 0.485073837178
22222222 0.0127294900947 0.485073837178
Calculating correction for node 2925 of 2073700 ...
query #: 1 ( first search )
query #: 2 ( reloc #: 1 )
relocation dist: 1888.94362678
query #: 3 ( reloc #: 2 )
relocation dist: 2776.84723662
r2: 0.0105532510192
11111111 0.0127294900947 0.485073837178
22222222 0.0127294900947 0.485073837178
Calculating correction for node 2926 of 2073700 ...
query #: 1 ( first search )
query #: 2 ( reloc #: 1 )
relocation dist: 2102.75246313
r2: 0.00947859291082
11111111 0.0127294900947 0.485073837178
22222222 0.0127294900947 0.485073837178
Calculating correction for node 2927 of 2073700 ...
